2020-10-25 02:30:32.980  INFO 7220 --- [main] com.savonik.employeedb.Application       : Starting Application on DESKTOP-A6H6MOQ with PID 7220 (C:\Java projects\rest-service\target\classes started by savonik in C:\Java projects)
2020-10-25 02:30:32.985  INFO 7220 --- [main] com.savonik.employeedb.Application       : No active profile set, falling back to default profiles: default
2020-10-25 02:30:34.929  INFO 7220 --- [main] .s.d.r.c.RepositoryConfigurationDelegate : Bootstrapping Spring Data JPA repositories in DEFERRED mode.
2020-10-25 02:30:35.009  INFO 7220 --- [main] .s.d.r.c.RepositoryConfigurationDelegate : Finished Spring Data repository scanning in 65ms. Found 1 JPA repository interfaces.
2020-10-25 02:30:35.503  INFO 7220 --- [main] o.s.b.w.embedded.tomcat.TomcatWebServer  : Tomcat initialized with port(s): 8090 (http)
2020-10-25 02:30:35.511  INFO 7220 --- [main] o.apache.catalina.core.StandardService   : Starting service [Tomcat]
2020-10-25 02:30:35.511  INFO 7220 --- [main] org.apache.catalina.core.StandardEngine  : Starting Servlet engine: [Apache Tomcat/9.0.37]
2020-10-25 02:30:35.625  INFO 7220 --- [main] o.a.c.c.C.[.[localhost].[/main-app]      : Initializing Spring embedded WebApplicationContext
2020-10-25 02:30:35.625  INFO 7220 --- [main] w.s.c.ServletWebServerApplicationContext : Root WebApplicationContext: initialization completed in 2529 ms
2020-10-25 02:30:35.905  INFO 7220 --- [main] o.s.s.concurrent.ThreadPoolTaskExecutor  : Initializing ExecutorService 'applicationTaskExecutor'
2020-10-25 02:30:35.920  INFO 7220 --- [main] com.zaxxer.hikari.HikariDataSource       : HikariPool-1 - Starting...
2020-10-25 02:30:36.242  INFO 7220 --- [main] com.zaxxer.hikari.HikariDataSource       : HikariPool-1 - Start completed.
2020-10-25 02:30:36.329  INFO 7220 --- [task-1] o.hibernate.jpa.internal.util.LogHelper  : HHH000204: Processing PersistenceUnitInfo [name: default]
2020-10-25 02:30:36.455  INFO 7220 --- [task-1] org.hibernate.Version                    : HHH000412: Hibernate ORM core version 5.4.18.Final
2020-10-25 02:30:36.796  INFO 7220 --- [task-1] o.hibernate.annotations.common.Version   : HCANN000001: Hibernate Commons Annotations {5.1.0.Final}
2020-10-25 02:30:37.080  WARN 7220 --- [main] JpaBaseConfiguration$JpaWebConfiguration : spring.jpa.open-in-view is enabled by default. Therefore, database queries may be performed during view rendering. Explicitly configure spring.jpa.open-in-view to disable this warning
2020-10-25 02:30:37.132  INFO 7220 --- [task-1] org.hibernate.dialect.Dialect            : HHH000400: Using dialect: org.hibernate.dialect.PostgreSQL10Dialect
2020-10-25 02:30:37.392  INFO 7220 --- [main] o.s.b.a.e.web.EndpointLinksResolver      : Exposing 15 endpoint(s) beneath base path '/actuator'
2020-10-25 02:30:37.592  INFO 7220 --- [main] o.s.b.a.w.s.WelcomePageHandlerMapping    : Adding welcome page: class path resource [static/index.html]
2020-10-25 02:30:37.956  INFO 7220 --- [task-1] o.h.e.t.j.p.i.JtaPlatformInitiator       : HHH000490: Using JtaPlatform implementation: [org.hibernate.engine.transaction.jta.platform.internal.NoJtaPlatform]
2020-10-25 02:30:37.965  INFO 7220 --- [task-1] j.LocalContainerEntityManagerFactoryBean : Initialized JPA EntityManagerFactory for persistence unit 'default'
2020-10-25 02:30:38.079  INFO 7220 --- [main] o.s.b.w.embedded.tomcat.TomcatWebServer  : Tomcat started on port(s): 8090 (http) with context path '/main-app'
2020-10-25 02:30:38.495  INFO 7220 --- [main] DeferredRepositoryInitializationListener : Triggering deferred initialization of Spring Data repositories…
2020-10-25 02:30:38.811  INFO 7220 --- [main] DeferredRepositoryInitializationListener : Spring Data repositories initialized!
2020-10-25 02:30:38.825  INFO 7220 --- [main] com.savonik.employeedb.Application       : Started Application in 6.439 seconds (JVM running for 7.326)
2020-10-25 02:30:39.291  INFO 7220 --- [RMI TCP Connection(3)-192.168.100.234] o.a.c.c.C.[.[localhost].[/main-app]      : Initializing Spring DispatcherServlet 'dispatcherServlet'
2020-10-25 02:30:39.291  INFO 7220 --- [RMI TCP Connection(3)-192.168.100.234] o.s.web.servlet.DispatcherServlet        : Initializing Servlet 'dispatcherServlet'
2020-10-25 02:30:39.298  INFO 7220 --- [RMI TCP Connection(3)-192.168.100.234] o.s.web.servlet.DispatcherServlet        : Completed initialization in 7 ms
